TN:
SF:src\routes.ts
FN:27,(anonymous_0)
FN:39,(anonymous_1)
FNF:2
FNH:2
FNDA:4,(anonymous_0)
FNDA:5,(anonymous_1)
DA:1,2
DA:2,2
DA:4,2
DA:9,2
DA:12,2
DA:14,2
DA:15,2
DA:22,2
DA:27,4
DA:32,2
DA:39,5
DA:46,2
DA:53,2
DA:61,2
LF:14
LH:14
BRF:0
BRH:0
end_of_record
TN:
SF:src\server.ts
FN:11,conectDB
FN:30,(anonymous_8)
FNF:2
FNH:2
FNDA:3,conectDB
FNDA:1,(anonymous_8)
DA:1,2
DA:2,2
DA:3,2
DA:5,2
DA:11,2
DA:12,3
DA:13,3
DA:14,2
DA:18,1
DA:19,1
DA:23,2
DA:25,2
DA:27,2
DA:28,2
DA:30,2
DA:31,1
DA:34,2
LF:17
LH:17
BRF:0
BRH:0
end_of_record
TN:
SF:src\config\db.ts
FNF:0
FNH:0
DA:1,2
DA:2,2
DA:4,2
DA:6,2
DA:16,2
LF:5
LH:5
BRF:0
BRH:0
end_of_record
TN:
SF:src\handlers\products.ts
FN:5,(anonymous_1)
FN:14,(anonymous_2)
FN:26,(anonymous_3)
FN:33,(anonymous_4)
FN:47,(anonymous_5)
FN:61,(anonymous_6)
FNF:6
FNH:6
FNDA:2,(anonymous_1)
FNDA:2,(anonymous_2)
FNDA:1,(anonymous_3)
FNDA:2,(anonymous_4)
FNDA:2,(anonymous_5)
FNDA:2,(anonymous_6)
DA:3,2
DA:5,2
DA:6,2
DA:11,2
DA:14,2
DA:15,2
DA:16,2
DA:17,2
DA:18,1
DA:23,1
DA:26,2
DA:29,1
DA:30,1
DA:33,2
DA:35,2
DA:36,2
DA:37,2
DA:38,1
DA:42,1
DA:43,1
DA:44,1
DA:47,2
DA:48,2
DA:49,2
DA:50,2
DA:51,1
DA:56,1
DA:57,1
DA:58,1
DA:61,2
DA:62,2
DA:63,2
DA:64,2
DA:65,1
DA:69,1
DA:70,1
LF:36
LH:36
BRDA:17,0,0,1
BRDA:37,1,0,1
BRDA:50,2,0,1
BRDA:64,3,0,1
BRF:4
BRH:4
end_of_record
TN:
SF:src\middleware\index.ts
FN:5,(anonymous_0)
FNF:1
FNH:1
FNDA:18,(anonymous_0)
DA:2,2
DA:5,2
DA:6,18
DA:8,18
DA:9,9
DA:11,9
LF:6
LH:6
BRDA:8,0,0,9
BRF:1
BRH:1
end_of_record
TN:
SF:src\models\Product.model.ts
FNF:0
FNH:0
DA:1,3
DA:2,3
DA:7,3
DA:11,3
DA:16,3
DA:22,3
DA:25,3
LF:7
LH:7
BRF:0
BRH:0
end_of_record
